\BOOKMARK [1][-]{section.1}{\376\377\000I\000n\000t\000r\000o\000d\000u\000c\000t\000i\000o\000n}{}% 1
\BOOKMARK [1][-]{section.2}{\376\377\000L\000e\000a\000r\000n\000i\000n\000g\000\040\000o\000u\000t\000c\000o\000m\000e\000s}{}% 2
\BOOKMARK [2][-]{subsection.2.1}{\376\377\000D\000a\000t\000a\000\040\000P\000r\000e\000p\000a\000r\000a\000t\000i\000o\000n\000\040\000\046\000\040\000A\000n\000a\000l\000y\000s\000i\000s}{section.2}% 3
\BOOKMARK [3][-]{subsubsection.2.1.1}{\376\377\000R\000a\000t\000i\000n\000g\000\040\000-\000\040\000s\000e\000l\000f\000\040\000a\000s\000s\000e\000s\000s\000m\000e\000n\000t}{subsection.2.1}% 4
\BOOKMARK [3][-]{subsubsection.2.1.2}{\376\377\000E\000v\000i\000d\000e\000n\000c\000e}{subsection.2.1}% 5
\BOOKMARK [2][-]{subsection.2.2}{\376\377\000M\000o\000d\000e\000l\000\040\000E\000n\000g\000i\000n\000e\000e\000r\000i\000n\000g}{section.2}% 6
\BOOKMARK [3][-]{subsubsection.2.2.1}{\376\377\000F\000e\000e\000d\000b\000a\000c\000k}{subsection.2.2}% 7
\BOOKMARK [3][-]{subsubsection.2.2.2}{\376\377\000R\000a\000t\000i\000n\000g\000\040\000-\000\040\000s\000e\000l\000f\000\040\000a\000s\000s\000e\000s\000s\000m\000e\000n\000t}{subsection.2.2}% 8
\BOOKMARK [3][-]{subsubsection.2.2.3}{\376\377\000E\000v\000i\000d\000e\000n\000c\000e}{subsection.2.2}% 9
\BOOKMARK [2][-]{subsection.2.3}{\376\377\000E\000x\000p\000l\000a\000i\000n\000a\000b\000l\000e\000\040\000A\000I}{section.2}% 10
\BOOKMARK [3][-]{subsubsection.2.3.1}{\376\377\000F\000e\000e\000d\000b\000a\000c\000k}{subsection.2.3}% 11
\BOOKMARK [3][-]{subsubsection.2.3.2}{\376\377\000R\000a\000t\000i\000n\000g\000\040\000-\000\040\000s\000e\000l\000f\000\040\000a\000s\000s\000e\000s\000s\000m\000e\000n\000t}{subsection.2.3}% 12
\BOOKMARK [3][-]{subsubsection.2.3.3}{\376\377\000E\000v\000i\000d\000e\000n\000c\000e}{subsection.2.3}% 13
\BOOKMARK [2][-]{subsection.2.4}{\376\377\000P\000r\000o\000f\000e\000s\000s\000i\000o\000n\000a\000l\000\040\000S\000t\000a\000n\000d\000a\000r\000d}{section.2}% 14
\BOOKMARK [3][-]{subsubsection.2.4.1}{\376\377\000F\000e\000e\000d\000b\000a\000c\000k}{subsection.2.4}% 15
\BOOKMARK [3][-]{subsubsection.2.4.2}{\376\377\000R\000a\000t\000i\000n\000g\000\040\000-\000\040\000s\000e\000l\000f\000\040\000a\000s\000s\000e\000s\000s\000m\000e\000n\000t}{subsection.2.4}% 16
\BOOKMARK [3][-]{subsubsection.2.4.3}{\376\377\000E\000v\000i\000d\000e\000n\000c\000e}{subsection.2.4}% 17
\BOOKMARK [2][-]{subsection.2.5}{\376\377\000P\000e\000r\000s\000o\000n\000a\000l\000\040\000L\000e\000a\000d\000e\000r\000s\000h\000i\000p}{section.2}% 18
\BOOKMARK [3][-]{subsubsection.2.5.1}{\376\377\000R\000a\000t\000i\000n\000g\000\040\000-\000\040\000s\000e\000l\000f\000\040\000a\000s\000s\000e\000s\000s\000m\000e\000n\000t}{subsection.2.5}% 19
\BOOKMARK [3][-]{subsubsection.2.5.2}{\376\377\000E\000v\000i\000d\000e\000n\000c\000e}{subsection.2.5}% 20
\BOOKMARK [2][-]{subsection.2.6}{\376\377\000I\000n\000t\000e\000r\000n\000s\000h\000i\000p\000\040\000P\000r\000e\000p\000a\000r\000a\000t\000i\000o\000n}{section.2}% 21
\BOOKMARK [3][-]{subsubsection.2.6.1}{\376\377\000R\000a\000t\000i\000n\000g\000\040\000-\000\040\000s\000e\000l\000f\000\040\000a\000s\000s\000e\000s\000s\000m\000e\000n\000t}{subsection.2.6}% 22
\BOOKMARK [3][-]{subsubsection.2.6.2}{\376\377\000E\000v\000i\000d\000e\000n\000c\000e}{subsection.2.6}% 23
\BOOKMARK [1][-]{section.3}{\376\377\000C\000o\000n\000c\000l\000u\000s\000i\000o\000n}{}% 24
